[debug] [2023-05-09T23:01:24.154Z] ----------------------------------------------------------------------
[debug] [2023-05-09T23:01:24.156Z] Command:       C:\Program Files\nodejs\node.exe C:\Users\Caleb Abbott\AppData\Roaming\npm\node_modules\firebase-tools\lib\bin\firebase.js emulators:start --only functions
[debug] [2023-05-09T23:01:24.157Z] CLI Version:   11.29.1
[debug] [2023-05-09T23:01:24.157Z] Platform:      win32
[debug] [2023-05-09T23:01:24.157Z] Node Version:  v16.16.0
[debug] [2023-05-09T23:01:24.157Z] Time:          Tue May 09 2023 19:01:24 GMT-0400 (Eastern Daylight Time)
[debug] [2023-05-09T23:01:24.158Z] ----------------------------------------------------------------------
[debug] 
[debug] [2023-05-09T23:01:24.240Z] > command requires scopes: ["email","openid","https://www.googleapis.com/auth/cloudplatformprojects.readonly","https://www.googleapis.com/auth/firebase","https://www.googleapis.com/auth/cloud-platform"]
[debug] [2023-05-09T23:01:24.240Z] > authorizing via signed-in user (calebhaabbott94@gmail.com)
[info] i  emulators: Starting emulators: functions {"metadata":{"emulator":{"name":"hub"},"message":"Starting emulators: functions"}}
[debug] [2023-05-09T23:01:24.249Z] [logging] Logging Emulator only supports listening on one address (127.0.0.1). Not listening on ::1
[warn] !  ui: Emulator UI unable to start on port 4000, starting on 4001 instead. {"metadata":{"emulator":{"name":"ui"},"message":"Emulator UI unable to start on port 4000, starting on 4001 instead."}}
[debug] [2023-05-09T23:01:24.250Z] assigned listening specs for emulators {"user":{"hub":[{"address":"127.0.0.1","family":"IPv4","port":4400},{"address":"::1","family":"IPv6","port":4400}],"logging":[{"address":"127.0.0.1","family":"IPv4","port":4500}],"ui":[{"address":"127.0.0.1","family":"IPv4","port":4001},{"address":"::1","family":"IPv6","port":4001}]},"metadata":{"message":"assigned listening specs for emulators"}}
[warn] !  emulators: It seems that you are running multiple instances of the emulator suite for project rental-app-60a86. This may result in unexpected behavior. 
[debug] [2023-05-09T23:01:24.257Z] [hub] writing locator at C:\Users\CALEBA~1\AppData\Local\Temp\hub-rental-app-60a86.json
[debug] [2023-05-09T23:01:24.275Z] [functions] Functions Emulator only supports listening on one address (127.0.0.1). Not listening on ::1
[debug] [2023-05-09T23:01:24.276Z] [eventarc] Eventarc Emulator only supports listening on one address (127.0.0.1). Not listening on ::1
[debug] [2023-05-09T23:01:24.276Z] late-assigned ports for functions and eventarc emulators {"user":{"hub":[{"address":"127.0.0.1","family":"IPv4","port":4400},{"address":"::1","family":"IPv6","port":4400}],"logging":[{"address":"127.0.0.1","family":"IPv4","port":4500}],"ui":[{"address":"127.0.0.1","family":"IPv4","port":4001},{"address":"::1","family":"IPv6","port":4001}],"functions":[{"address":"127.0.0.1","family":"IPv4","port":5001}],"eventarc":[{"address":"127.0.0.1","family":"IPv4","port":9299}]},"metadata":{"message":"late-assigned ports for functions and eventarc emulators"}}
[warn] !  functions: The following emulators are not running, calls to these services from the Functions emulator will affect production: auth, firestore, database, hosting, pubsub, storage {"metadata":{"emulator":{"name":"functions"},"message":"The following emulators are not running, calls to these services from the Functions emulator will affect production: \u001b[1mauth, firestore, database, hosting, pubsub, storage\u001b[22m"}}
[debug] [2023-05-09T23:01:24.280Z] defaultcredentials: writing to file C:\Users\Caleb Abbott\AppData\Roaming\firebase\calebhaabbott94_gmail_com_application_default_credentials.json
[debug] [2023-05-09T23:01:24.282Z] Setting GAC to C:\Users\Caleb Abbott\AppData\Roaming\firebase\calebhaabbott94_gmail_com_application_default_credentials.json {"metadata":{"emulator":{"name":"functions"},"message":"Setting GAC to C:\\Users\\Caleb Abbott\\AppData\\Roaming\\firebase\\calebhaabbott94_gmail_com_application_default_credentials.json"}}
[debug] [2023-05-09T23:01:24.284Z] > refreshing access token with scopes: []
[debug] [2023-05-09T23:01:24.285Z] >>> [apiv2][query] POST https://www.googleapis.com/oauth2/v3/token [none]
[debug] [2023-05-09T23:01:24.285Z] >>> [apiv2][body] POST https://www.googleapis.com/oauth2/v3/token [omitted]
[debug] [2023-05-09T23:01:24.719Z] <<< [apiv2][status] POST https://www.googleapis.com/oauth2/v3/token 200
[debug] [2023-05-09T23:01:24.719Z] <<< [apiv2][body] POST https://www.googleapis.com/oauth2/v3/token [omitted]
[debug] [2023-05-09T23:01:24.727Z] >>> [apiv2][query] GET https://firebase.googleapis.com/v1beta1/projects/rental-app-60a86/adminSdkConfig [none]
[debug] [2023-05-09T23:01:25.241Z] <<< [apiv2][status] GET https://firebase.googleapis.com/v1beta1/projects/rental-app-60a86/adminSdkConfig 200
[debug] [2023-05-09T23:01:25.242Z] <<< [apiv2][body] GET https://firebase.googleapis.com/v1beta1/projects/rental-app-60a86/adminSdkConfig {"projectId":"rental-app-60a86","storageBucket":"rental-app-60a86.appspot.com"}
[debug] [2023-05-09T23:01:25.259Z] Ignoring unsupported arg: auto_download {"metadata":{"emulator":{"name":"ui"},"message":"Ignoring unsupported arg: auto_download"}}
[debug] [2023-05-09T23:01:25.259Z] Ignoring unsupported arg: port {"metadata":{"emulator":{"name":"ui"},"message":"Ignoring unsupported arg: port"}}
[debug] [2023-05-09T23:01:25.259Z] Starting Emulator UI with command {"binary":"node","args":["C:\\Users\\Caleb Abbott\\.cache\\firebase\\emulators\\ui-v1.11.5\\server\\server.js"],"optionalArgs":[],"joinArgs":false} {"metadata":{"emulator":{"name":"ui"},"message":"Starting Emulator UI with command {\"binary\":\"node\",\"args\":[\"C:\\\\Users\\\\Caleb Abbott\\\\.cache\\\\firebase\\\\emulators\\\\ui-v1.11.5\\\\server\\\\server.js\"],\"optionalArgs\":[],\"joinArgs\":false}"}}
[info] i  ui: Emulator UI logging to ui-debug.log {"metadata":{"emulator":{"name":"ui"},"message":"Emulator UI logging to \u001b[1mui-debug.log\u001b[22m"}}
[debug] [2023-05-09T23:01:25.376Z] Web / API server started at 127.0.0.1:4001
 {"metadata":{"emulator":{"name":"ui"},"message":"Web / API server started at 127.0.0.1:4001\n"}}
[debug] [2023-05-09T23:01:25.376Z] Web / API server started at ::1:4001
 {"metadata":{"emulator":{"name":"ui"},"message":"Web / API server started at ::1:4001\n"}}
[info] i  functions: Watching "C:\Web Projects\rental-app\functions" for Cloud Functions... {"metadata":{"emulator":{"name":"functions"},"message":"Watching \"C:\\Web Projects\\rental-app\\functions\" for Cloud Functions..."}}
[debug] [2023-05-09T23:01:25.530Z] Validating nodejs source
[debug] [2023-05-09T23:01:26.714Z] > [functions] package.json contents: {
  "name": "functions",
  "description": "Cloud Functions for Firebase",
  "scripts": {
    "serve": "firebase emulators:start --only functions",
    "shell": "firebase functions:shell",
    "start": "npm run shell",
    "deploy": "firebase deploy --only functions",
    "logs": "firebase functions:log"
  },
  "engines": {
    "node": "16"
  },
  "main": "index.js",
  "dependencies": {
    "cors": "^2.8.5",
    "firebase-admin": "^11.5.0",
    "firebase-functions": "^4.2.0"
  },
  "devDependencies": {
    "firebase-functions-test": "^3.0.0"
  },
  "private": true
}
[debug] [2023-05-09T23:01:26.714Z] Building nodejs source
[debug] [2023-05-09T23:01:26.715Z] Failed to find version of module node: reached end of search path C:\Web Projects\rental-app\functions\node_modules
[info] +  functions: Using node@16 from host. 
[debug] [2023-05-09T23:01:26.717Z] Could not find functions.yaml. Must use http discovery
[debug] [2023-05-09T23:01:26.721Z] Found firebase-functions binary at 'C:\Web Projects\rental-app\functions\node_modules\.bin\firebase-functions'
[debug] [2023-05-09T23:01:26.895Z] Serving at port 8079

[debug] [2023-05-09T23:01:27.167Z] Got response from /__/functions.yaml {"endpoints":{"createUserDocument":{"platform":"gcfv1","availableMemoryMb":null,"timeoutSeconds":null,"minInstances":null,"maxInstances":null,"ingressSettings":null,"serviceAccountEmail":null,"vpc":null,"httpsTrigger":{},"entryPoint":"createUserDocument"}},"specVersion":"v1alpha1","requiredAPIs":[]}
[debug] [2023-05-09T23:01:27.172Z] shutdown requested via /__/quitquitquit

[info] +  functions: Loaded functions definitions from source: createUserDocument. {"metadata":{"emulator":{"name":"functions"},"message":"Loaded functions definitions from source: createUserDocument."}}
[info] +  functions[us-central1-createUserDocument]: http function initialized (http://127.0.0.1:5001/rental-app-60a86/us-central1/createUserDocument). {"metadata":{"emulator":{"name":"functions"},"message":"\u001b[1mhttp\u001b[22m function initialized (http://127.0.0.1:5001/rental-app-60a86/us-central1/createUserDocument)."}}
[info] 
┌─────────────────────────────────────────────────────────────┐
│ ✔  All emulators ready! It is now safe to connect your app. │
│ i  View Emulator UI at http://127.0.0.1:4001/               │
└─────────────────────────────────────────────────────────────┘

┌───────────┬────────────────┬─────────────────────────────────┐
│ Emulator  │ Host:Port      │ View in Emulator UI             │
├───────────┼────────────────┼─────────────────────────────────┤
│ Functions │ 127.0.0.1:5001 │ http://127.0.0.1:4001/functions │
└───────────┴────────────────┴─────────────────────────────────┘
  Emulator Hub running at 127.0.0.1:4400
  Other reserved ports: 4500

Issues? Report them at https://github.com/firebase/firebase-tools/issues and attach the *-debug.log files.
 
[debug] [2023-05-09T23:01:54.172Z] [work-queue] {"queuedWork":["/rental-app-60a86/us-central1/createUserDocument-2023-05-09T23:01:54.172Z"],"queueLength":1,"runningWork":[],"workRunningCount":0}
[debug] [2023-05-09T23:01:54.173Z] [work-queue] {"queuedWork":[],"queueLength":0,"runningWork":["/rental-app-60a86/us-central1/createUserDocument-2023-05-09T23:01:54.172Z"],"workRunningCount":1}
[debug] [2023-05-09T23:01:54.173Z] Accepted request OPTIONS /rental-app-60a86/us-central1/createUserDocument --> us-central1-createUserDocument
[debug] [2023-05-09T23:01:54.175Z] [functions] Runtime ready! Sending request! {"metadata":{"emulator":{"name":"functions"},"message":"[functions] Runtime ready! Sending request!"}}
[debug] [2023-05-09T23:01:54.175Z] [functions] Got req.url=/rental-app-60a86/us-central1/createUserDocument, mapping to path=/ {"metadata":{"emulator":{"name":"functions"},"message":"[functions] Got req.url=/rental-app-60a86/us-central1/createUserDocument, mapping to path=/"}}
[debug] [2023-05-09T23:01:54.183Z] [worker-pool] addWorker(us-central1-createUserDocument) {"metadata":{"emulator":{"name":"functions"},"message":"[worker-pool] addWorker(us-central1-createUserDocument)"}}
[debug] [2023-05-09T23:01:54.184Z] [worker-pool] Adding worker with key us-central1-createUserDocument, total=1 {"metadata":{"emulator":{"name":"functions"},"message":"[worker-pool] Adding worker with key us-central1-createUserDocument, total=1"}}
[debug] [2023-05-09T23:01:55.156Z] [runtime-status] [13904] Resolved module firebase-admin {"declared":true,"installed":true,"version":"11.8.0","resolution":"C:\\Web Projects\\rental-app\\functions\\node_modules\\firebase-admin\\lib\\index.js"} {"metadata":{"emulator":{"name":"functions"},"function":{"name":"us-central1-createUserDocument"},"extension":{},"message":"[runtime-status] [13904] Resolved module firebase-admin {\"declared\":true,\"installed\":true,\"version\":\"11.8.0\",\"resolution\":\"C:\\\\Web Projects\\\\rental-app\\\\functions\\\\node_modules\\\\firebase-admin\\\\lib\\\\index.js\"}"}}
[debug] [2023-05-09T23:01:55.156Z] [runtime-status] [13904] Resolved module firebase-functions {"declared":true,"installed":true,"version":"4.4.0","resolution":"C:\\Web Projects\\rental-app\\functions\\node_modules\\firebase-functions\\lib\\v1\\index.js"} {"metadata":{"emulator":{"name":"functions"},"function":{"name":"us-central1-createUserDocument"},"extension":{},"message":"[runtime-status] [13904] Resolved module firebase-functions {\"declared\":true,\"installed\":true,\"version\":\"4.4.0\",\"resolution\":\"C:\\\\Web Projects\\\\rental-app\\\\functions\\\\node_modules\\\\firebase-functions\\\\lib\\\\v1\\\\index.js\"}"}}
[debug] [2023-05-09T23:01:55.157Z] [runtime-status] [13904] Outgoing network have been stubbed. [{"name":"http","status":"mocked"},{"name":"http","status":"mocked"},{"name":"https","status":"mocked"},{"name":"https","status":"mocked"},{"name":"net","status":"mocked"}] {"metadata":{"emulator":{"name":"functions"},"function":{"name":"us-central1-createUserDocument"},"extension":{},"message":"[runtime-status] [13904] Outgoing network have been stubbed. [{\"name\":\"http\",\"status\":\"mocked\"},{\"name\":\"http\",\"status\":\"mocked\"},{\"name\":\"https\",\"status\":\"mocked\"},{\"name\":\"https\",\"status\":\"mocked\"},{\"name\":\"net\",\"status\":\"mocked\"}]"}}
[debug] [2023-05-09T23:01:55.158Z] [runtime-status] [13904] Resolved module firebase-functions {"declared":true,"installed":true,"version":"4.4.0","resolution":"C:\\Web Projects\\rental-app\\functions\\node_modules\\firebase-functions\\lib\\v1\\index.js"} {"metadata":{"emulator":{"name":"functions"},"function":{"name":"us-central1-createUserDocument"},"extension":{},"message":"[runtime-status] [13904] Resolved module firebase-functions {\"declared\":true,\"installed\":true,\"version\":\"4.4.0\",\"resolution\":\"C:\\\\Web Projects\\\\rental-app\\\\functions\\\\node_modules\\\\firebase-functions\\\\lib\\\\v1\\\\index.js\"}"}}
[debug] [2023-05-09T23:01:55.356Z] [runtime-status] [13904] Checked functions.config() {"config":{}} {"metadata":{"emulator":{"name":"functions"},"function":{"name":"us-central1-createUserDocument"},"extension":{},"message":"[runtime-status] [13904] Checked functions.config() {\"config\":{}}"}}
[debug] [2023-05-09T23:01:55.356Z] [runtime-status] [13904] firebase-functions has been stubbed. {"functionsResolution":{"declared":true,"installed":true,"version":"4.4.0","resolution":"C:\\Web Projects\\rental-app\\functions\\node_modules\\firebase-functions\\lib\\v1\\index.js"}} {"metadata":{"emulator":{"name":"functions"},"function":{"name":"us-central1-createUserDocument"},"extension":{},"message":"[runtime-status] [13904] firebase-functions has been stubbed. {\"functionsResolution\":{\"declared\":true,\"installed\":true,\"version\":\"4.4.0\",\"resolution\":\"C:\\\\Web Projects\\\\rental-app\\\\functions\\\\node_modules\\\\firebase-functions\\\\lib\\\\v1\\\\index.js\"}}"}}
[debug] [2023-05-09T23:01:55.357Z] [runtime-status] [13904] Resolved module firebase-functions {"declared":true,"installed":true,"version":"4.4.0","resolution":"C:\\Web Projects\\rental-app\\functions\\node_modules\\firebase-functions\\lib\\v1\\index.js"} {"metadata":{"emulator":{"name":"functions"},"function":{"name":"us-central1-createUserDocument"},"extension":{},"message":"[runtime-status] [13904] Resolved module firebase-functions {\"declared\":true,\"installed\":true,\"version\":\"4.4.0\",\"resolution\":\"C:\\\\Web Projects\\\\rental-app\\\\functions\\\\node_modules\\\\firebase-functions\\\\lib\\\\v1\\\\index.js\"}"}}
[debug] [2023-05-09T23:01:55.358Z] [runtime-status] [13904] Resolved module firebase-admin {"declared":true,"installed":true,"version":"11.8.0","resolution":"C:\\Web Projects\\rental-app\\functions\\node_modules\\firebase-admin\\lib\\index.js"} {"metadata":{"emulator":{"name":"functions"},"function":{"name":"us-central1-createUserDocument"},"extension":{},"message":"[runtime-status] [13904] Resolved module firebase-admin {\"declared\":true,\"installed\":true,\"version\":\"11.8.0\",\"resolution\":\"C:\\\\Web Projects\\\\rental-app\\\\functions\\\\node_modules\\\\firebase-admin\\\\lib\\\\index.js\"}"}}
[debug] [2023-05-09T23:01:55.360Z] [runtime-status] [13904] Resolved module firebase-functions {"declared":true,"installed":true,"version":"4.4.0","resolution":"C:\\Web Projects\\rental-app\\functions\\node_modules\\firebase-functions\\lib\\v1\\index.js"} {"metadata":{"emulator":{"name":"functions"},"function":{"name":"us-central1-createUserDocument"},"extension":{},"message":"[runtime-status] [13904] Resolved module firebase-functions {\"declared\":true,\"installed\":true,\"version\":\"4.4.0\",\"resolution\":\"C:\\\\Web Projects\\\\rental-app\\\\functions\\\\node_modules\\\\firebase-functions\\\\lib\\\\v1\\\\index.js\"}"}}
[debug] [2023-05-09T23:01:55.360Z] [runtime-status] [13904] firebase-admin has been stubbed. {"adminResolution":{"declared":true,"installed":true,"version":"11.8.0","resolution":"C:\\Web Projects\\rental-app\\functions\\node_modules\\firebase-admin\\lib\\index.js"}} {"metadata":{"emulator":{"name":"functions"},"function":{"name":"us-central1-createUserDocument"},"extension":{},"message":"[runtime-status] [13904] firebase-admin has been stubbed. {\"adminResolution\":{\"declared\":true,\"installed\":true,\"version\":\"11.8.0\",\"resolution\":\"C:\\\\Web Projects\\\\rental-app\\\\functions\\\\node_modules\\\\firebase-admin\\\\lib\\\\index.js\"}}"}}
[debug] [2023-05-09T23:01:55.362Z] [runtime-status] [13904] initializeApp(DEFAULT) {"storageBucket":"rental-app-60a86.appspot.com","projectId":"rental-app-60a86"} {"metadata":{"emulator":{"name":"functions"},"function":{"name":"us-central1-createUserDocument"},"extension":{},"message":"[runtime-status] [13904] initializeApp(DEFAULT) {\"storageBucket\":\"rental-app-60a86.appspot.com\",\"projectId\":\"rental-app-60a86\"}"}}
[debug] [2023-05-09T23:01:55.366Z] [runtime-status] [13904] Functions runtime initialized. {"cwd":"C:\\Web Projects\\rental-app\\functions","node_version":"16.16.0"} {"metadata":{"emulator":{"name":"functions"},"function":{"name":"us-central1-createUserDocument"},"extension":{},"message":"[runtime-status] [13904] Functions runtime initialized. {\"cwd\":\"C:\\\\Web Projects\\\\rental-app\\\\functions\",\"node_version\":\"16.16.0\"}"}}
[debug] [2023-05-09T23:01:55.366Z] [runtime-status] [13904] Listening to port: \\?\pipe\fire_emu_3e476934baf0b615 {"metadata":{"emulator":{"name":"functions"},"function":{"name":"us-central1-createUserDocument"},"extension":{},"message":"[runtime-status] [13904] Listening to port: \\\\?\\pipe\\fire_emu_3e476934baf0b615"}}
[debug] [2023-05-09T23:01:55.422Z] [worker-us-central1-createUserDocument-0aca1d69-058e-4667-9942-e2930c8f9078]: IDLE {"metadata":{"emulator":{"name":"functions"},"function":{"name":"us-central1-createUserDocument"},"extension":{},"message":"[worker-us-central1-createUserDocument-0aca1d69-058e-4667-9942-e2930c8f9078]: IDLE"}}
[debug] [2023-05-09T23:01:55.422Z] [worker-pool] submitRequest(triggerId=us-central1-createUserDocument) {"metadata":{"emulator":{"name":"functions"},"message":"[worker-pool] submitRequest(triggerId=us-central1-createUserDocument)"}}
[info] i  functions: Beginning execution of "us-central1-createUserDocument" {"metadata":{"emulator":{"name":"functions"},"function":{"name":"us-central1-createUserDocument"},"extension":{},"message":"Beginning execution of \"us-central1-createUserDocument\""}}
[debug] [2023-05-09T23:01:55.423Z] [worker-us-central1-createUserDocument-0aca1d69-058e-4667-9942-e2930c8f9078]: BUSY {"metadata":{"emulator":{"name":"functions"},"function":{"name":"us-central1-createUserDocument"},"extension":{},"message":"[worker-us-central1-createUserDocument-0aca1d69-058e-4667-9942-e2930c8f9078]: BUSY"}}
[info] i  functions: Finished "us-central1-createUserDocument" in 2.7786ms {"metadata":{"emulator":{"name":"functions"},"function":{"name":"us-central1-createUserDocument"},"extension":{},"message":"Finished \"us-central1-createUserDocument\" in 2.7786ms"}}
[debug] [2023-05-09T23:01:55.426Z] [worker-us-central1-createUserDocument-0aca1d69-058e-4667-9942-e2930c8f9078]: IDLE {"metadata":{"emulator":{"name":"functions"},"function":{"name":"us-central1-createUserDocument"},"extension":{},"message":"[worker-us-central1-createUserDocument-0aca1d69-058e-4667-9942-e2930c8f9078]: IDLE"}}
[debug] [2023-05-09T23:01:55.426Z] [work-queue] {"queuedWork":[],"queueLength":0,"runningWork":[],"workRunningCount":0}
[debug] [2023-05-09T23:01:55.427Z] [work-queue] {"queuedWork":["/rental-app-60a86/us-central1/createUserDocument-2023-05-09T23:01:55.427Z"],"queueLength":1,"runningWork":[],"workRunningCount":0}
[debug] [2023-05-09T23:01:55.427Z] [work-queue] {"queuedWork":[],"queueLength":0,"runningWork":["/rental-app-60a86/us-central1/createUserDocument-2023-05-09T23:01:55.427Z"],"workRunningCount":1}
[debug] [2023-05-09T23:01:55.427Z] Accepted request POST /rental-app-60a86/us-central1/createUserDocument --> us-central1-createUserDocument
[debug] [2023-05-09T23:01:55.429Z] [functions] Runtime ready! Sending request! {"metadata":{"emulator":{"name":"functions"},"message":"[functions] Runtime ready! Sending request!"}}
[debug] [2023-05-09T23:01:55.430Z] [functions] Got req.url=/rental-app-60a86/us-central1/createUserDocument, mapping to path=/ {"metadata":{"emulator":{"name":"functions"},"message":"[functions] Got req.url=/rental-app-60a86/us-central1/createUserDocument, mapping to path=/"}}
[debug] [2023-05-09T23:01:55.430Z] [worker-pool] submitRequest(triggerId=us-central1-createUserDocument) {"metadata":{"emulator":{"name":"functions"},"message":"[worker-pool] submitRequest(triggerId=us-central1-createUserDocument)"}}
[info] i  functions: Beginning execution of "us-central1-createUserDocument" {"metadata":{"emulator":{"name":"functions"},"function":{"name":"us-central1-createUserDocument"},"extension":{},"message":"Beginning execution of \"us-central1-createUserDocument\""}}
[debug] [2023-05-09T23:01:55.430Z] [worker-us-central1-createUserDocument-0aca1d69-058e-4667-9942-e2930c8f9078]: BUSY {"metadata":{"emulator":{"name":"functions"},"function":{"name":"us-central1-createUserDocument"},"extension":{},"message":"[worker-us-central1-createUserDocument-0aca1d69-058e-4667-9942-e2930c8f9078]: BUSY"}}
[warn] !  functions: The Cloud Firestore emulator is not running, so calls to Firestore will affect production. {"metadata":{"emulator":{"name":"functions"},"function":{"name":"us-central1-createUserDocument"},"extension":{},"message":"The Cloud Firestore emulator is not running, so calls to Firestore will affect production."}}
[warn] !  Google API requested!
   - URL: "https://oauth2.googleapis.com/token"
   - Be careful, this may be a production service. {"metadata":{"emulator":{"name":"functions"},"function":{"name":"us-central1-createUserDocument"},"extension":{},"message":"Google API requested!\n   - URL: \"https://oauth2.googleapis.com/token\"\n   - Be careful, this may be a production service."}}
[info] i  functions: Finished "us-central1-createUserDocument" in 1257.8858ms {"metadata":{"emulator":{"name":"functions"},"function":{"name":"us-central1-createUserDocument"},"extension":{},"message":"Finished \"us-central1-createUserDocument\" in 1257.8858ms"}}
[debug] [2023-05-09T23:01:56.689Z] [worker-us-central1-createUserDocument-0aca1d69-058e-4667-9942-e2930c8f9078]: IDLE {"metadata":{"emulator":{"name":"functions"},"function":{"name":"us-central1-createUserDocument"},"extension":{},"message":"[worker-us-central1-createUserDocument-0aca1d69-058e-4667-9942-e2930c8f9078]: IDLE"}}
[debug] [2023-05-09T23:01:56.689Z] [work-queue] {"queuedWork":[],"queueLength":0,"runningWork":[],"workRunningCount":0}
[debug] [2023-05-09T23:10:32.011Z] [work-queue] {"queuedWork":["/rental-app-60a86/us-central1/createUserDocument-2023-05-09T23:10:32.011Z"],"queueLength":1,"runningWork":[],"workRunningCount":0}
[debug] [2023-05-09T23:10:32.012Z] [work-queue] {"queuedWork":[],"queueLength":0,"runningWork":["/rental-app-60a86/us-central1/createUserDocument-2023-05-09T23:10:32.011Z"],"workRunningCount":1}
[debug] [2023-05-09T23:10:32.012Z] Accepted request OPTIONS /rental-app-60a86/us-central1/createUserDocument --> us-central1-createUserDocument
[debug] [2023-05-09T23:10:32.016Z] [functions] Runtime ready! Sending request! {"metadata":{"emulator":{"name":"functions"},"message":"[functions] Runtime ready! Sending request!"}}
[debug] [2023-05-09T23:10:32.016Z] [functions] Got req.url=/rental-app-60a86/us-central1/createUserDocument, mapping to path=/ {"metadata":{"emulator":{"name":"functions"},"message":"[functions] Got req.url=/rental-app-60a86/us-central1/createUserDocument, mapping to path=/"}}
[debug] [2023-05-09T23:10:32.016Z] [worker-pool] submitRequest(triggerId=us-central1-createUserDocument) {"metadata":{"emulator":{"name":"functions"},"message":"[worker-pool] submitRequest(triggerId=us-central1-createUserDocument)"}}
[info] i  functions: Beginning execution of "us-central1-createUserDocument" {"metadata":{"emulator":{"name":"functions"},"function":{"name":"us-central1-createUserDocument"},"extension":{},"message":"Beginning execution of \"us-central1-createUserDocument\""}}
[debug] [2023-05-09T23:10:32.017Z] [worker-us-central1-createUserDocument-0aca1d69-058e-4667-9942-e2930c8f9078]: BUSY {"metadata":{"emulator":{"name":"functions"},"function":{"name":"us-central1-createUserDocument"},"extension":{},"message":"[worker-us-central1-createUserDocument-0aca1d69-058e-4667-9942-e2930c8f9078]: BUSY"}}
[info] i  functions: Finished "us-central1-createUserDocument" in 2.2474ms {"metadata":{"emulator":{"name":"functions"},"function":{"name":"us-central1-createUserDocument"},"extension":{},"message":"Finished \"us-central1-createUserDocument\" in 2.2474ms"}}
[debug] [2023-05-09T23:10:32.020Z] [worker-us-central1-createUserDocument-0aca1d69-058e-4667-9942-e2930c8f9078]: IDLE {"metadata":{"emulator":{"name":"functions"},"function":{"name":"us-central1-createUserDocument"},"extension":{},"message":"[worker-us-central1-createUserDocument-0aca1d69-058e-4667-9942-e2930c8f9078]: IDLE"}}
[debug] [2023-05-09T23:10:32.020Z] [work-queue] {"queuedWork":[],"queueLength":0,"runningWork":[],"workRunningCount":0}
[debug] [2023-05-09T23:10:32.021Z] [work-queue] {"queuedWork":["/rental-app-60a86/us-central1/createUserDocument-2023-05-09T23:10:32.021Z"],"queueLength":1,"runningWork":[],"workRunningCount":0}
[debug] [2023-05-09T23:10:32.021Z] [work-queue] {"queuedWork":[],"queueLength":0,"runningWork":["/rental-app-60a86/us-central1/createUserDocument-2023-05-09T23:10:32.021Z"],"workRunningCount":1}
[debug] [2023-05-09T23:10:32.021Z] Accepted request POST /rental-app-60a86/us-central1/createUserDocument --> us-central1-createUserDocument
[debug] [2023-05-09T23:10:32.024Z] [functions] Runtime ready! Sending request! {"metadata":{"emulator":{"name":"functions"},"message":"[functions] Runtime ready! Sending request!"}}
[debug] [2023-05-09T23:10:32.024Z] [functions] Got req.url=/rental-app-60a86/us-central1/createUserDocument, mapping to path=/ {"metadata":{"emulator":{"name":"functions"},"message":"[functions] Got req.url=/rental-app-60a86/us-central1/createUserDocument, mapping to path=/"}}
[debug] [2023-05-09T23:10:32.024Z] [worker-pool] submitRequest(triggerId=us-central1-createUserDocument) {"metadata":{"emulator":{"name":"functions"},"message":"[worker-pool] submitRequest(triggerId=us-central1-createUserDocument)"}}
[info] i  functions: Beginning execution of "us-central1-createUserDocument" {"metadata":{"emulator":{"name":"functions"},"function":{"name":"us-central1-createUserDocument"},"extension":{},"message":"Beginning execution of \"us-central1-createUserDocument\""}}
[debug] [2023-05-09T23:10:32.025Z] [worker-us-central1-createUserDocument-0aca1d69-058e-4667-9942-e2930c8f9078]: BUSY {"metadata":{"emulator":{"name":"functions"},"function":{"name":"us-central1-createUserDocument"},"extension":{},"message":"[worker-us-central1-createUserDocument-0aca1d69-058e-4667-9942-e2930c8f9078]: BUSY"}}
[info] i  functions: Finished "us-central1-createUserDocument" in 405.2941ms {"metadata":{"emulator":{"name":"functions"},"function":{"name":"us-central1-createUserDocument"},"extension":{},"message":"Finished \"us-central1-createUserDocument\" in 405.2941ms"}}
[debug] [2023-05-09T23:10:32.431Z] [worker-us-central1-createUserDocument-0aca1d69-058e-4667-9942-e2930c8f9078]: IDLE {"metadata":{"emulator":{"name":"functions"},"function":{"name":"us-central1-createUserDocument"},"extension":{},"message":"[worker-us-central1-createUserDocument-0aca1d69-058e-4667-9942-e2930c8f9078]: IDLE"}}
[debug] [2023-05-09T23:10:32.431Z] [work-queue] {"queuedWork":[],"queueLength":0,"runningWork":[],"workRunningCount":0}
[debug] [2023-05-09T23:12:38.532Z] [work-queue] {"queuedWork":["/rental-app-60a86/us-central1/createUserDocument-2023-05-09T23:12:38.532Z"],"queueLength":1,"runningWork":[],"workRunningCount":0}
[debug] [2023-05-09T23:12:38.533Z] [work-queue] {"queuedWork":[],"queueLength":0,"runningWork":["/rental-app-60a86/us-central1/createUserDocument-2023-05-09T23:12:38.532Z"],"workRunningCount":1}
[debug] [2023-05-09T23:12:38.533Z] Accepted request OPTIONS /rental-app-60a86/us-central1/createUserDocument --> us-central1-createUserDocument
[debug] [2023-05-09T23:12:38.534Z] [functions] Runtime ready! Sending request! {"metadata":{"emulator":{"name":"functions"},"message":"[functions] Runtime ready! Sending request!"}}
[debug] [2023-05-09T23:12:38.534Z] [functions] Got req.url=/rental-app-60a86/us-central1/createUserDocument, mapping to path=/ {"metadata":{"emulator":{"name":"functions"},"message":"[functions] Got req.url=/rental-app-60a86/us-central1/createUserDocument, mapping to path=/"}}
[debug] [2023-05-09T23:12:38.535Z] [worker-pool] submitRequest(triggerId=us-central1-createUserDocument) {"metadata":{"emulator":{"name":"functions"},"message":"[worker-pool] submitRequest(triggerId=us-central1-createUserDocument)"}}
[info] i  functions: Beginning execution of "us-central1-createUserDocument" {"metadata":{"emulator":{"name":"functions"},"function":{"name":"us-central1-createUserDocument"},"extension":{},"message":"Beginning execution of \"us-central1-createUserDocument\""}}
[debug] [2023-05-09T23:12:38.535Z] [worker-us-central1-createUserDocument-0aca1d69-058e-4667-9942-e2930c8f9078]: BUSY {"metadata":{"emulator":{"name":"functions"},"function":{"name":"us-central1-createUserDocument"},"extension":{},"message":"[worker-us-central1-createUserDocument-0aca1d69-058e-4667-9942-e2930c8f9078]: BUSY"}}
[info] i  functions: Finished "us-central1-createUserDocument" in 1.6288ms {"metadata":{"emulator":{"name":"functions"},"function":{"name":"us-central1-createUserDocument"},"extension":{},"message":"Finished \"us-central1-createUserDocument\" in 1.6288ms"}}
[debug] [2023-05-09T23:12:38.537Z] [worker-us-central1-createUserDocument-0aca1d69-058e-4667-9942-e2930c8f9078]: IDLE {"metadata":{"emulator":{"name":"functions"},"function":{"name":"us-central1-createUserDocument"},"extension":{},"message":"[worker-us-central1-createUserDocument-0aca1d69-058e-4667-9942-e2930c8f9078]: IDLE"}}
[debug] [2023-05-09T23:12:38.538Z] [work-queue] {"queuedWork":[],"queueLength":0,"runningWork":[],"workRunningCount":0}
[debug] [2023-05-09T23:12:38.538Z] [work-queue] {"queuedWork":["/rental-app-60a86/us-central1/createUserDocument-2023-05-09T23:12:38.538Z"],"queueLength":1,"runningWork":[],"workRunningCount":0}
[debug] [2023-05-09T23:12:38.538Z] [work-queue] {"queuedWork":[],"queueLength":0,"runningWork":["/rental-app-60a86/us-central1/createUserDocument-2023-05-09T23:12:38.538Z"],"workRunningCount":1}
[debug] [2023-05-09T23:12:38.538Z] Accepted request POST /rental-app-60a86/us-central1/createUserDocument --> us-central1-createUserDocument
[debug] [2023-05-09T23:12:38.540Z] [functions] Runtime ready! Sending request! {"metadata":{"emulator":{"name":"functions"},"message":"[functions] Runtime ready! Sending request!"}}
[debug] [2023-05-09T23:12:38.540Z] [functions] Got req.url=/rental-app-60a86/us-central1/createUserDocument, mapping to path=/ {"metadata":{"emulator":{"name":"functions"},"message":"[functions] Got req.url=/rental-app-60a86/us-central1/createUserDocument, mapping to path=/"}}
[debug] [2023-05-09T23:12:38.540Z] [worker-pool] submitRequest(triggerId=us-central1-createUserDocument) {"metadata":{"emulator":{"name":"functions"},"message":"[worker-pool] submitRequest(triggerId=us-central1-createUserDocument)"}}
[info] i  functions: Beginning execution of "us-central1-createUserDocument" {"metadata":{"emulator":{"name":"functions"},"function":{"name":"us-central1-createUserDocument"},"extension":{},"message":"Beginning execution of \"us-central1-createUserDocument\""}}
[debug] [2023-05-09T23:12:38.541Z] [worker-us-central1-createUserDocument-0aca1d69-058e-4667-9942-e2930c8f9078]: BUSY {"metadata":{"emulator":{"name":"functions"},"function":{"name":"us-central1-createUserDocument"},"extension":{},"message":"[worker-us-central1-createUserDocument-0aca1d69-058e-4667-9942-e2930c8f9078]: BUSY"}}
[info] i  functions: Finished "us-central1-createUserDocument" in 132.6945ms {"metadata":{"emulator":{"name":"functions"},"function":{"name":"us-central1-createUserDocument"},"extension":{},"message":"Finished \"us-central1-createUserDocument\" in 132.6945ms"}}
[debug] [2023-05-09T23:12:38.674Z] [worker-us-central1-createUserDocument-0aca1d69-058e-4667-9942-e2930c8f9078]: IDLE {"metadata":{"emulator":{"name":"functions"},"function":{"name":"us-central1-createUserDocument"},"extension":{},"message":"[worker-us-central1-createUserDocument-0aca1d69-058e-4667-9942-e2930c8f9078]: IDLE"}}
[debug] [2023-05-09T23:12:38.674Z] [work-queue] {"queuedWork":[],"queueLength":0,"runningWork":[],"workRunningCount":0}
[debug] [2023-05-09T23:17:33.329Z] [work-queue] {"queuedWork":["/rental-app-60a86/us-central1/createUserDocument-2023-05-09T23:17:33.329Z"],"queueLength":1,"runningWork":[],"workRunningCount":0}
[debug] [2023-05-09T23:17:33.329Z] [work-queue] {"queuedWork":[],"queueLength":0,"runningWork":["/rental-app-60a86/us-central1/createUserDocument-2023-05-09T23:17:33.329Z"],"workRunningCount":1}
[debug] [2023-05-09T23:17:33.329Z] Accepted request OPTIONS /rental-app-60a86/us-central1/createUserDocument --> us-central1-createUserDocument
[debug] [2023-05-09T23:17:33.332Z] [functions] Runtime ready! Sending request! {"metadata":{"emulator":{"name":"functions"},"message":"[functions] Runtime ready! Sending request!"}}
[debug] [2023-05-09T23:17:33.332Z] [functions] Got req.url=/rental-app-60a86/us-central1/createUserDocument, mapping to path=/ {"metadata":{"emulator":{"name":"functions"},"message":"[functions] Got req.url=/rental-app-60a86/us-central1/createUserDocument, mapping to path=/"}}
[debug] [2023-05-09T23:17:33.332Z] [worker-pool] submitRequest(triggerId=us-central1-createUserDocument) {"metadata":{"emulator":{"name":"functions"},"message":"[worker-pool] submitRequest(triggerId=us-central1-createUserDocument)"}}
[info] i  functions: Beginning execution of "us-central1-createUserDocument" {"metadata":{"emulator":{"name":"functions"},"function":{"name":"us-central1-createUserDocument"},"extension":{},"message":"Beginning execution of \"us-central1-createUserDocument\""}}
[debug] [2023-05-09T23:17:33.333Z] [worker-us-central1-createUserDocument-0aca1d69-058e-4667-9942-e2930c8f9078]: BUSY {"metadata":{"emulator":{"name":"functions"},"function":{"name":"us-central1-createUserDocument"},"extension":{},"message":"[worker-us-central1-createUserDocument-0aca1d69-058e-4667-9942-e2930c8f9078]: BUSY"}}
[info] i  functions: Finished "us-central1-createUserDocument" in 2.9633ms {"metadata":{"emulator":{"name":"functions"},"function":{"name":"us-central1-createUserDocument"},"extension":{},"message":"Finished \"us-central1-createUserDocument\" in 2.9633ms"}}
[debug] [2023-05-09T23:17:33.336Z] [worker-us-central1-createUserDocument-0aca1d69-058e-4667-9942-e2930c8f9078]: IDLE {"metadata":{"emulator":{"name":"functions"},"function":{"name":"us-central1-createUserDocument"},"extension":{},"message":"[worker-us-central1-createUserDocument-0aca1d69-058e-4667-9942-e2930c8f9078]: IDLE"}}
[debug] [2023-05-09T23:17:33.336Z] [work-queue] {"queuedWork":[],"queueLength":0,"runningWork":[],"workRunningCount":0}
[debug] [2023-05-09T23:17:33.337Z] [work-queue] {"queuedWork":["/rental-app-60a86/us-central1/createUserDocument-2023-05-09T23:17:33.337Z"],"queueLength":1,"runningWork":[],"workRunningCount":0}
[debug] [2023-05-09T23:17:33.337Z] [work-queue] {"queuedWork":[],"queueLength":0,"runningWork":["/rental-app-60a86/us-central1/createUserDocument-2023-05-09T23:17:33.337Z"],"workRunningCount":1}
[debug] [2023-05-09T23:17:33.337Z] Accepted request POST /rental-app-60a86/us-central1/createUserDocument --> us-central1-createUserDocument
[debug] [2023-05-09T23:17:33.339Z] [functions] Runtime ready! Sending request! {"metadata":{"emulator":{"name":"functions"},"message":"[functions] Runtime ready! Sending request!"}}
[debug] [2023-05-09T23:17:33.339Z] [functions] Got req.url=/rental-app-60a86/us-central1/createUserDocument, mapping to path=/ {"metadata":{"emulator":{"name":"functions"},"message":"[functions] Got req.url=/rental-app-60a86/us-central1/createUserDocument, mapping to path=/"}}
[debug] [2023-05-09T23:17:33.339Z] [worker-pool] submitRequest(triggerId=us-central1-createUserDocument) {"metadata":{"emulator":{"name":"functions"},"message":"[worker-pool] submitRequest(triggerId=us-central1-createUserDocument)"}}
[info] i  functions: Beginning execution of "us-central1-createUserDocument" {"metadata":{"emulator":{"name":"functions"},"function":{"name":"us-central1-createUserDocument"},"extension":{},"message":"Beginning execution of \"us-central1-createUserDocument\""}}
[debug] [2023-05-09T23:17:33.340Z] [worker-us-central1-createUserDocument-0aca1d69-058e-4667-9942-e2930c8f9078]: BUSY {"metadata":{"emulator":{"name":"functions"},"function":{"name":"us-central1-createUserDocument"},"extension":{},"message":"[worker-us-central1-createUserDocument-0aca1d69-058e-4667-9942-e2930c8f9078]: BUSY"}}
[info] i  functions: Finished "us-central1-createUserDocument" in 309.0012ms {"metadata":{"emulator":{"name":"functions"},"function":{"name":"us-central1-createUserDocument"},"extension":{},"message":"Finished \"us-central1-createUserDocument\" in 309.0012ms"}}
[debug] [2023-05-09T23:17:33.650Z] [worker-us-central1-createUserDocument-0aca1d69-058e-4667-9942-e2930c8f9078]: IDLE {"metadata":{"emulator":{"name":"functions"},"function":{"name":"us-central1-createUserDocument"},"extension":{},"message":"[worker-us-central1-createUserDocument-0aca1d69-058e-4667-9942-e2930c8f9078]: IDLE"}}
[debug] [2023-05-09T23:17:33.650Z] [work-queue] {"queuedWork":[],"queueLength":0,"runningWork":[],"workRunningCount":0}
[debug] [2023-05-09T23:21:56.416Z] [work-queue] {"queuedWork":["/rental-app-60a86/us-central1/createUserDocument-2023-05-09T23:21:56.416Z"],"queueLength":1,"runningWork":[],"workRunningCount":0}
[debug] [2023-05-09T23:21:56.416Z] [work-queue] {"queuedWork":[],"queueLength":0,"runningWork":["/rental-app-60a86/us-central1/createUserDocument-2023-05-09T23:21:56.416Z"],"workRunningCount":1}
[debug] [2023-05-09T23:21:56.416Z] Accepted request OPTIONS /rental-app-60a86/us-central1/createUserDocument --> us-central1-createUserDocument
[debug] [2023-05-09T23:21:56.419Z] [functions] Runtime ready! Sending request! {"metadata":{"emulator":{"name":"functions"},"message":"[functions] Runtime ready! Sending request!"}}
[debug] [2023-05-09T23:21:56.419Z] [functions] Got req.url=/rental-app-60a86/us-central1/createUserDocument, mapping to path=/ {"metadata":{"emulator":{"name":"functions"},"message":"[functions] Got req.url=/rental-app-60a86/us-central1/createUserDocument, mapping to path=/"}}
[debug] [2023-05-09T23:21:56.419Z] [worker-pool] submitRequest(triggerId=us-central1-createUserDocument) {"metadata":{"emulator":{"name":"functions"},"message":"[worker-pool] submitRequest(triggerId=us-central1-createUserDocument)"}}
[info] i  functions: Beginning execution of "us-central1-createUserDocument" {"metadata":{"emulator":{"name":"functions"},"function":{"name":"us-central1-createUserDocument"},"extension":{},"message":"Beginning execution of \"us-central1-createUserDocument\""}}
[debug] [2023-05-09T23:21:56.419Z] [worker-us-central1-createUserDocument-0aca1d69-058e-4667-9942-e2930c8f9078]: BUSY {"metadata":{"emulator":{"name":"functions"},"function":{"name":"us-central1-createUserDocument"},"extension":{},"message":"[worker-us-central1-createUserDocument-0aca1d69-058e-4667-9942-e2930c8f9078]: BUSY"}}
[info] i  functions: Finished "us-central1-createUserDocument" in 1.2681ms {"metadata":{"emulator":{"name":"functions"},"function":{"name":"us-central1-createUserDocument"},"extension":{},"message":"Finished \"us-central1-createUserDocument\" in 1.2681ms"}}
[debug] [2023-05-09T23:21:56.421Z] [worker-us-central1-createUserDocument-0aca1d69-058e-4667-9942-e2930c8f9078]: IDLE {"metadata":{"emulator":{"name":"functions"},"function":{"name":"us-central1-createUserDocument"},"extension":{},"message":"[worker-us-central1-createUserDocument-0aca1d69-058e-4667-9942-e2930c8f9078]: IDLE"}}
[debug] [2023-05-09T23:21:56.421Z] [work-queue] {"queuedWork":[],"queueLength":0,"runningWork":[],"workRunningCount":0}
[debug] [2023-05-09T23:21:56.422Z] [work-queue] {"queuedWork":["/rental-app-60a86/us-central1/createUserDocument-2023-05-09T23:21:56.422Z"],"queueLength":1,"runningWork":[],"workRunningCount":0}
[debug] [2023-05-09T23:21:56.422Z] [work-queue] {"queuedWork":[],"queueLength":0,"runningWork":["/rental-app-60a86/us-central1/createUserDocument-2023-05-09T23:21:56.422Z"],"workRunningCount":1}
[debug] [2023-05-09T23:21:56.423Z] Accepted request POST /rental-app-60a86/us-central1/createUserDocument --> us-central1-createUserDocument
[debug] [2023-05-09T23:21:56.424Z] [functions] Runtime ready! Sending request! {"metadata":{"emulator":{"name":"functions"},"message":"[functions] Runtime ready! Sending request!"}}
[debug] [2023-05-09T23:21:56.424Z] [functions] Got req.url=/rental-app-60a86/us-central1/createUserDocument, mapping to path=/ {"metadata":{"emulator":{"name":"functions"},"message":"[functions] Got req.url=/rental-app-60a86/us-central1/createUserDocument, mapping to path=/"}}
[debug] [2023-05-09T23:21:56.424Z] [worker-pool] submitRequest(triggerId=us-central1-createUserDocument) {"metadata":{"emulator":{"name":"functions"},"message":"[worker-pool] submitRequest(triggerId=us-central1-createUserDocument)"}}
[info] i  functions: Beginning execution of "us-central1-createUserDocument" {"metadata":{"emulator":{"name":"functions"},"function":{"name":"us-central1-createUserDocument"},"extension":{},"message":"Beginning execution of \"us-central1-createUserDocument\""}}
[debug] [2023-05-09T23:21:56.425Z] [worker-us-central1-createUserDocument-0aca1d69-058e-4667-9942-e2930c8f9078]: BUSY {"metadata":{"emulator":{"name":"functions"},"function":{"name":"us-central1-createUserDocument"},"extension":{},"message":"[worker-us-central1-createUserDocument-0aca1d69-058e-4667-9942-e2930c8f9078]: BUSY"}}
[info] i  functions: Finished "us-central1-createUserDocument" in 245.8884ms {"metadata":{"emulator":{"name":"functions"},"function":{"name":"us-central1-createUserDocument"},"extension":{},"message":"Finished \"us-central1-createUserDocument\" in 245.8884ms"}}
[debug] [2023-05-09T23:21:56.671Z] [worker-us-central1-createUserDocument-0aca1d69-058e-4667-9942-e2930c8f9078]: IDLE {"metadata":{"emulator":{"name":"functions"},"function":{"name":"us-central1-createUserDocument"},"extension":{},"message":"[worker-us-central1-createUserDocument-0aca1d69-058e-4667-9942-e2930c8f9078]: IDLE"}}
[debug] [2023-05-09T23:21:56.672Z] [work-queue] {"queuedWork":[],"queueLength":0,"runningWork":[],"workRunningCount":0}
[debug] [2023-05-09T23:23:14.948Z] [work-queue] {"queuedWork":["/rental-app-60a86/us-central1/createUserDocument-2023-05-09T23:23:14.948Z"],"queueLength":1,"runningWork":[],"workRunningCount":0}
[debug] [2023-05-09T23:23:14.948Z] [work-queue] {"queuedWork":[],"queueLength":0,"runningWork":["/rental-app-60a86/us-central1/createUserDocument-2023-05-09T23:23:14.948Z"],"workRunningCount":1}
[debug] [2023-05-09T23:23:14.948Z] Accepted request OPTIONS /rental-app-60a86/us-central1/createUserDocument --> us-central1-createUserDocument
[debug] [2023-05-09T23:23:14.951Z] [functions] Runtime ready! Sending request! {"metadata":{"emulator":{"name":"functions"},"message":"[functions] Runtime ready! Sending request!"}}
[debug] [2023-05-09T23:23:14.951Z] [functions] Got req.url=/rental-app-60a86/us-central1/createUserDocument, mapping to path=/ {"metadata":{"emulator":{"name":"functions"},"message":"[functions] Got req.url=/rental-app-60a86/us-central1/createUserDocument, mapping to path=/"}}
[debug] [2023-05-09T23:23:14.951Z] [worker-pool] submitRequest(triggerId=us-central1-createUserDocument) {"metadata":{"emulator":{"name":"functions"},"message":"[worker-pool] submitRequest(triggerId=us-central1-createUserDocument)"}}
[info] i  functions: Beginning execution of "us-central1-createUserDocument" {"metadata":{"emulator":{"name":"functions"},"function":{"name":"us-central1-createUserDocument"},"extension":{},"message":"Beginning execution of \"us-central1-createUserDocument\""}}
[debug] [2023-05-09T23:23:14.952Z] [worker-us-central1-createUserDocument-0aca1d69-058e-4667-9942-e2930c8f9078]: BUSY {"metadata":{"emulator":{"name":"functions"},"function":{"name":"us-central1-createUserDocument"},"extension":{},"message":"[worker-us-central1-createUserDocument-0aca1d69-058e-4667-9942-e2930c8f9078]: BUSY"}}
[info] i  functions: Finished "us-central1-createUserDocument" in 2.1586ms {"metadata":{"emulator":{"name":"functions"},"function":{"name":"us-central1-createUserDocument"},"extension":{},"message":"Finished \"us-central1-createUserDocument\" in 2.1586ms"}}
[debug] [2023-05-09T23:23:14.954Z] [worker-us-central1-createUserDocument-0aca1d69-058e-4667-9942-e2930c8f9078]: IDLE {"metadata":{"emulator":{"name":"functions"},"function":{"name":"us-central1-createUserDocument"},"extension":{},"message":"[worker-us-central1-createUserDocument-0aca1d69-058e-4667-9942-e2930c8f9078]: IDLE"}}
[debug] [2023-05-09T23:23:14.954Z] [work-queue] {"queuedWork":[],"queueLength":0,"runningWork":[],"workRunningCount":0}
[debug] [2023-05-09T23:23:14.955Z] [work-queue] {"queuedWork":["/rental-app-60a86/us-central1/createUserDocument-2023-05-09T23:23:14.955Z"],"queueLength":1,"runningWork":[],"workRunningCount":0}
[debug] [2023-05-09T23:23:14.955Z] [work-queue] {"queuedWork":[],"queueLength":0,"runningWork":["/rental-app-60a86/us-central1/createUserDocument-2023-05-09T23:23:14.955Z"],"workRunningCount":1}
[debug] [2023-05-09T23:23:14.955Z] Accepted request POST /rental-app-60a86/us-central1/createUserDocument --> us-central1-createUserDocument
[debug] [2023-05-09T23:23:14.957Z] [functions] Runtime ready! Sending request! {"metadata":{"emulator":{"name":"functions"},"message":"[functions] Runtime ready! Sending request!"}}
[debug] [2023-05-09T23:23:14.958Z] [functions] Got req.url=/rental-app-60a86/us-central1/createUserDocument, mapping to path=/ {"metadata":{"emulator":{"name":"functions"},"message":"[functions] Got req.url=/rental-app-60a86/us-central1/createUserDocument, mapping to path=/"}}
[debug] [2023-05-09T23:23:14.958Z] [worker-pool] submitRequest(triggerId=us-central1-createUserDocument) {"metadata":{"emulator":{"name":"functions"},"message":"[worker-pool] submitRequest(triggerId=us-central1-createUserDocument)"}}
[info] i  functions: Beginning execution of "us-central1-createUserDocument" {"metadata":{"emulator":{"name":"functions"},"function":{"name":"us-central1-createUserDocument"},"extension":{},"message":"Beginning execution of \"us-central1-createUserDocument\""}}
[debug] [2023-05-09T23:23:14.958Z] [worker-us-central1-createUserDocument-0aca1d69-058e-4667-9942-e2930c8f9078]: BUSY {"metadata":{"emulator":{"name":"functions"},"function":{"name":"us-central1-createUserDocument"},"extension":{},"message":"[worker-us-central1-createUserDocument-0aca1d69-058e-4667-9942-e2930c8f9078]: BUSY"}}
[info] i  functions: Finished "us-central1-createUserDocument" in 135.1535ms {"metadata":{"emulator":{"name":"functions"},"function":{"name":"us-central1-createUserDocument"},"extension":{},"message":"Finished \"us-central1-createUserDocument\" in 135.1535ms"}}
[debug] [2023-05-09T23:23:15.094Z] [worker-us-central1-createUserDocument-0aca1d69-058e-4667-9942-e2930c8f9078]: IDLE {"metadata":{"emulator":{"name":"functions"},"function":{"name":"us-central1-createUserDocument"},"extension":{},"message":"[worker-us-central1-createUserDocument-0aca1d69-058e-4667-9942-e2930c8f9078]: IDLE"}}
[debug] [2023-05-09T23:23:15.094Z] [work-queue] {"queuedWork":[],"queueLength":0,"runningWork":[],"workRunningCount":0}
